Unity Editor version:    2020.3.27f1 (e759542391ea)
Branch:                  2020.3/release
Build type:              Release
Batch mode:              YES
macOS version:           Version 11.6.5 (Build 20G527)
Darwin version:          20.6.0
Architecture:            x86_64
Running under Rosetta:   NO
Available memory:        16384 MB
Using pre-set license
Pro License: NO

COMMAND LINE ARGUMENTS:
/Applications/2020.3.27f1/Unity.app/Contents/MacOS/Unity
-adb2
-batchMode
-noUpm
-name
AssetImportWorker0
-projectPath
/Users/game34/Desktop/Create with Code/prototype 5
-logFile
Logs/AssetImportWorker0.log
-srvPort
49653
Successfully changed project path to: /Users/game34/Desktop/Create with Code/prototype 5
Could not lock editor preferences. Preferences updates for this instance of Unity will not be saved./Users/game34/Desktop/Create with Code/prototype 5
Using Asset Import Pipeline V2.
Refreshing native plugins compatible for Editor in 24.72 ms, found 2 plugins.
Preloading 0 native plugins for Editor in 0.00 ms.
Initialize engine version: 2020.3.27f1 (e759542391ea)
[Subsystems] Discovering subsystems at path /Applications/2020.3.27f1/Unity.app/Contents/Resources/UnitySubsystems
[Subsystems] Discovering subsystems at path /Users/game34/Desktop/Create with Code/prototype 5/Assets
GfxDevice: creating device client; threaded=0
2025-02-24 12:29:45.264 Unity[22218:29761988] iMac preferred device: AMD Radeon Pro 5500 XT (high power)
2025-02-24 12:29:45.264 Unity[22218:29761988] Metal devices available: 1
2025-02-24 12:29:45.264 Unity[22218:29761988] 0: AMD Radeon Pro 5500 XT (high power)
2025-02-24 12:29:45.264 Unity[22218:29761988] Using device AMD Radeon Pro 5500 XT (high power)
Initializing Metal device caps: AMD Radeon Pro 5500 XT
Initialize mono
Mono path[0] = '/Applications/2020.3.27f1/Unity.app/Contents/Managed'
Mono path[1] = '/Applications/2020.3.27f1/Unity.app/Contents/MonoBleedingEdge/lib/mono/unityjit'
Mono config path = '/Applications/2020.3.27f1/Unity.app/Contents/MonoBleedingEdge/etc'
Using monoOptions --debugger-agent=transport=dt_socket,embedding=1,server=y,suspend=n,address=127.0.0.1:56218
Begin MonoManager ReloadAssembly
Registering precompiled unity dll's ...
Register platform support module: /Applications/2020.3.27f1/Unity.app/Contents/PlaybackEngines/MacStandaloneSupport/UnityEditor.OSXStandalone.Extensions.dll
Registered in 0.000443 seconds.
Native extension for OSXStandalone target not found
Refreshing native plugins compatible for Editor in 24.82 ms, found 2 plugins.
Preloading 0 native plugins for Editor in 0.00 ms.
Mono: successfully reloaded assembly
- Completed reload, in  0.529 seconds
Domain Reload Profiling:
	ReloadAssembly (530ms)
		BeginReloadAssembly (39ms)
			ExecutionOrderSort (0ms)
			DisableScriptedObjects (0ms)
			BackupInstance (0ms)
			ReleaseScriptingObjects (0ms)
			CreateAndSetChildDomain (1ms)
		EndReloadAssembly (424ms)
			LoadAssemblies (38ms)
			RebuildTransferFunctionScriptingTraits (0ms)
			SetupTypeCache (163ms)
			ReleaseScriptCaches (0ms)
			RebuildScriptCaches (33ms)
			SetupLoadedEditorAssemblies (155ms)
				LogAssemblyErrors (0ms)
				InitializePlatformSupportModulesInManaged (4ms)
				SetLoadedEditorAssemblies (0ms)
				RefreshPlugins (25ms)
				BeforeProcessingInitializeOnLoad (7ms)
				ProcessInitializeOnLoadAttributes (92ms)
				ProcessInitializeOnLoadMethodAttributes (27ms)
				AfterProcessingInitializeOnLoad (0ms)
				EditorAssembliesLoaded (0ms)
			ExecutionOrderSort2 (0ms)
			AwakeInstancesAfterBackupRestoration (0ms)
Platform modules already initialized, skipping
Registering precompiled user dll's ...
Registered in 0.002700 seconds.
Begin MonoManager ReloadAssembly
Native extension for OSXStandalone target not found
Refreshing native plugins compatible for Editor in 0.29 ms, found 2 plugins.
Preloading 0 native plugins for Editor in 0.00 ms.
Mono: successfully reloaded assembly
- Completed reload, in  0.971 seconds
Domain Reload Profiling:
	ReloadAssembly (971ms)
		BeginReloadAssembly (136ms)
			ExecutionOrderSort (0ms)
			DisableScriptedObjects (4ms)
			BackupInstance (0ms)
			ReleaseScriptingObjects (0ms)
			CreateAndSetChildDomain (26ms)
		EndReloadAssembly (778ms)
			LoadAssemblies (69ms)
			RebuildTransferFunctionScriptingTraits (0ms)
			SetupTypeCache (309ms)
			ReleaseScriptCaches (0ms)
			RebuildScriptCaches (45ms)
			SetupLoadedEditorAssemblies (256ms)
				LogAssemblyErrors (0ms)
				InitializePlatformSupportModulesInManaged (4ms)
				SetLoadedEditorAssemblies (0ms)
				RefreshPlugins (0ms)
				BeforeProcessingInitializeOnLoad (46ms)
				ProcessInitializeOnLoadAttributes (196ms)
				ProcessInitializeOnLoadMethodAttributes (8ms)
				AfterProcessingInitializeOnLoad (1ms)
				EditorAssembliesLoaded (0ms)
			ExecutionOrderSort2 (0ms)
			AwakeInstancesAfterBackupRestoration (6ms)
Platform modules already initialized, skipping
Validating Project structure ... 0.003305 seconds.
Shader import version has changed; will reimport all shaders...
Upgrading shader files ...0.016306 seconds.
Application.AssetDatabase Initial Script Refresh Start
RefreshInfo: InitialScriptRefreshV2(NoUpdateAssetOptions) scanfilter:  ... 1 filters
RefreshProfiler: Total: 0.000ms
Application.AssetDatabase Initial Script Refresh End
Application.AssetDatabase.Refresh Start
Application.AssetDatabase.Refresh End
RefreshInfo: StopAssetImportingV2(ForceSynchronousImport) scanfilter: 
RefreshProfiler: Total: 0.000ms
Launching external process: /Applications/2020.3.27f1/Unity.app/Contents/Tools/UnityShaderCompiler
Launched and connected shader compiler UnityShaderCompiler after 0.01 seconds
Initializing Unity extensions:
========================================================================
Worker process is ready to serve import requests
Refreshing native plugins compatible for Editor in 0.33 ms, found 2 plugins.
Preloading 0 native plugins for Editor in 0.00 ms.
Unloading 1522 Unused Serialized files (Serialized files now loaded: 0)
System memory in use before: 180.4 MB.
System memory in use after: 179.5 MB.

Unloading 83 unused Assets to reduce memory usage. Loaded Objects now: 1994.
Total: 3.531923 ms (FindLiveObjects: 0.195707 ms CreateObjectMapping: 0.077589 ms MarkObjects: 2.789531 ms  DeleteObjects: 0.467433 ms)

AssetImportParameters requested are different than current active one (requested -> active):
  custom:video-decoder-ogg-theora: a1e56fd34408186e4bbccfd4996cb3dc -> 
  custom:container-muxer-webm: aa71ff27fc2769a1b78a27578f13a17b -> 
  custom:container-demuxer-webm: 4f35f7cbe854078d1ac9338744f61a02 -> 
  custom:container-demuxer-ogg: 62fdf1f143b41e24485cea50d1cbac27 -> 
  custom:video-encoder-webm-vp8: eb34c28f22e8b96e1ab97ce403110664 -> 
  custom:framework-osx-AVFoundation: e770b220cccbd017edd2c1fefb359320 -> 
  custom:video-decoder-webm-vp8: 9c59270c3fd7afecdb556c50c9e8de78 -> 
  custom:audio-decoder-ogg-vorbis: bf7c407c2cedff20999df2af8eb42d56 -> 
  custom:audio-encoder-webm-vorbis: bf7c407c2cedff20999df2af8eb42d56 -> 
========================================================================
Received Import Request.
  path: Assets/Scripts/DifficultyButton.cs
  artifactKey: Guid(75c3af1348ad84392bdece5ff82acc82) Importer(815301076,1909f56bfc062723c751e8b465ee728b)
Start importing Assets/Scripts/DifficultyButton.cs using Guid(75c3af1348ad84392bdece5ff82acc82) Importer(815301076,1909f56bfc062723c751e8b465ee728b)  -> (artifact id: 'df70aa33c0f290fcac5d4ca88ab12735') in 0.347717 seconds 
  Import took 0.356078 seconds .

========================================================================
Received Prepare
Registering precompiled user dll's ...
Registered in 0.001697 seconds.
Begin MonoManager ReloadAssembly
Native extension for OSXStandalone target not found
Refreshing native plugins compatible for Editor in 0.31 ms, found 2 plugins.
Preloading 0 native plugins for Editor in 0.00 ms.
Mono: successfully reloaded assembly
- Completed reload, in  0.964 seconds
Domain Reload Profiling:
	ReloadAssembly (965ms)
		BeginReloadAssembly (105ms)
			ExecutionOrderSort (0ms)
			DisableScriptedObjects (4ms)
			BackupInstance (0ms)
			ReleaseScriptingObjects (0ms)
			CreateAndSetChildDomain (46ms)
		EndReloadAssembly (791ms)
			LoadAssemblies (72ms)
			RebuildTransferFunctionScriptingTraits (0ms)
			SetupTypeCache (323ms)
			ReleaseScriptCaches (1ms)
			RebuildScriptCaches (39ms)
			SetupLoadedEditorAssemblies (258ms)
				LogAssemblyErrors (0ms)
				InitializePlatformSupportModulesInManaged (4ms)
				SetLoadedEditorAssemblies (0ms)
				RefreshPlugins (0ms)
				BeforeProcessingInitializeOnLoad (74ms)
				ProcessInitializeOnLoadAttributes (171ms)
				ProcessInitializeOnLoadMethodAttributes (7ms)
				AfterProcessingInitializeOnLoad (1ms)
				EditorAssembliesLoaded (0ms)
			ExecutionOrderSort2 (0ms)
			AwakeInstancesAfterBackupRestoration (6ms)
Platform modules already initialized, skipping
Refreshing native plugins compatible for Editor in 0.31 ms, found 2 plugins.
Preloading 0 native plugins for Editor in 0.00 ms.
Unloading 1501 Unused Serialized files (Serialized files now loaded: 0)
System memory in use before: 183.4 MB.
System memory in use after: 183.6 MB.

Unloading 15 unused Assets to reduce memory usage. Loaded Objects now: 1997.
Total: 2.146079 ms (FindLiveObjects: 0.101911 ms CreateObjectMapping: 0.037977 ms MarkObjects: 1.993667 ms  DeleteObjects: 0.011833 ms)

AssetImportParameters requested are different than current active one (requested -> active):
  custom:video-decoder-ogg-theora: a1e56fd34408186e4bbccfd4996cb3dc -> 
  custom:container-muxer-webm: aa71ff27fc2769a1b78a27578f13a17b -> 
  custom:container-demuxer-webm: 4f35f7cbe854078d1ac9338744f61a02 -> 
  custom:container-demuxer-ogg: 62fdf1f143b41e24485cea50d1cbac27 -> 
  custom:video-encoder-webm-vp8: eb34c28f22e8b96e1ab97ce403110664 -> 
  custom:framework-osx-AVFoundation: e770b220cccbd017edd2c1fefb359320 -> 
  custom:video-decoder-webm-vp8: 9c59270c3fd7afecdb556c50c9e8de78 -> 
  custom:audio-decoder-ogg-vorbis: bf7c407c2cedff20999df2af8eb42d56 -> 
  custom:audio-encoder-webm-vorbis: bf7c407c2cedff20999df2af8eb42d56 -> 
========================================================================
Received Import Request.
  Time since last request: 468.767099 seconds.
  path: Assets/Scripts/DifficultyButton.cs
  artifactKey: Guid(75c3af1348ad84392bdece5ff82acc82) Importer(815301076,1909f56bfc062723c751e8b465ee728b)
Start importing Assets/Scripts/DifficultyButton.cs using Guid(75c3af1348ad84392bdece5ff82acc82) Importer(815301076,1909f56bfc062723c751e8b465ee728b)  -> (artifact id: 'af1dc7fb68bb6591dbec10544b63eb74') in 0.003967 seconds 
  Import took 0.006598 seconds .

========================================================================
Received Import Request.
  Time since last request: 44.095404 seconds.
  path: Assets/Scripts/DifficultyButton.cs
  artifactKey: Guid(75c3af1348ad84392bdece5ff82acc82) Importer(815301076,1909f56bfc062723c751e8b465ee728b)
Start importing Assets/Scripts/DifficultyButton.cs using Guid(75c3af1348ad84392bdece5ff82acc82) Importer(815301076,1909f56bfc062723c751e8b465ee728b)  -> (artifact id: '9e742373b78e5f69a4a8ef8b7cfff15f') in 0.001482 seconds 
  Import took 0.003969 seconds .

========================================================================
Received Import Request.
  Time since last request: 35.511432 seconds.
  path: Assets/Scripts/DifficultyButton.cs
  artifactKey: Guid(75c3af1348ad84392bdece5ff82acc82) Importer(815301076,1909f56bfc062723c751e8b465ee728b)
Start importing Assets/Scripts/DifficultyButton.cs using Guid(75c3af1348ad84392bdece5ff82acc82) Importer(815301076,1909f56bfc062723c751e8b465ee728b)  -> (artifact id: '848e9884fb36a1808df997ef62a0326d') in 0.001495 seconds 
  Import took 0.004456 seconds .

========================================================================
Received Import Request.
  Time since last request: 11.377289 seconds.
  path: Assets/Scripts/DifficultyButton.cs
  artifactKey: Guid(75c3af1348ad84392bdece5ff82acc82) Importer(815301076,1909f56bfc062723c751e8b465ee728b)
Start importing Assets/Scripts/DifficultyButton.cs using Guid(75c3af1348ad84392bdece5ff82acc82) Importer(815301076,1909f56bfc062723c751e8b465ee728b)  -> (artifact id: 'bd75fafe45c6ca8c102598a9c0c035c0') in 0.001577 seconds 
  Import took 0.004293 seconds .

========================================================================
Received Prepare
Registering precompiled user dll's ...
Registered in 0.003769 seconds.
Begin MonoManager ReloadAssembly
Native extension for OSXStandalone target not found
Refreshing native plugins compatible for Editor in 0.29 ms, found 2 plugins.
Preloading 0 native plugins for Editor in 0.00 ms.
Mono: successfully reloaded assembly
- Completed reload, in  0.883 seconds
Domain Reload Profiling:
	ReloadAssembly (883ms)
		BeginReloadAssembly (95ms)
			ExecutionOrderSort (0ms)
			DisableScriptedObjects (4ms)
			BackupInstance (0ms)
			ReleaseScriptingObjects (0ms)
			CreateAndSetChildDomain (44ms)
		EndReloadAssembly (734ms)
			LoadAssemblies (60ms)
			RebuildTransferFunctionScriptingTraits (0ms)
			SetupTypeCache (279ms)
			ReleaseScriptCaches (1ms)
			RebuildScriptCaches (39ms)
			SetupLoadedEditorAssemblies (254ms)
				LogAssemblyErrors (0ms)
				InitializePlatformSupportModulesInManaged (4ms)
				SetLoadedEditorAssemblies (0ms)
				RefreshPlugins (0ms)
				BeforeProcessingInitializeOnLoad (72ms)
				ProcessInitializeOnLoadAttributes (169ms)
				ProcessInitializeOnLoadMethodAttributes (7ms)
				AfterProcessingInitializeOnLoad (1ms)
				EditorAssembliesLoaded (0ms)
			ExecutionOrderSort2 (0ms)
			AwakeInstancesAfterBackupRestoration (6ms)
Platform modules already initialized, skipping
Refreshing native plugins compatible for Editor in 0.30 ms, found 2 plugins.
Preloading 0 native plugins for Editor in 0.00 ms.
Unloading 1501 Unused Serialized files (Serialized files now loaded: 0)
System memory in use before: 183.5 MB.
System memory in use after: 183.6 MB.

Unloading 14 unused Assets to reduce memory usage. Loaded Objects now: 1999.
Total: 2.008287 ms (FindLiveObjects: 0.100225 ms CreateObjectMapping: 0.038643 ms MarkObjects: 1.858499 ms  DeleteObjects: 0.010215 ms)

AssetImportParameters requested are different than current active one (requested -> active):
  custom:video-decoder-ogg-theora: a1e56fd34408186e4bbccfd4996cb3dc -> 
  custom:container-muxer-webm: aa71ff27fc2769a1b78a27578f13a17b -> 
  custom:container-demuxer-webm: 4f35f7cbe854078d1ac9338744f61a02 -> 
  custom:container-demuxer-ogg: 62fdf1f143b41e24485cea50d1cbac27 -> 
  custom:video-encoder-webm-vp8: eb34c28f22e8b96e1ab97ce403110664 -> 
  custom:framework-osx-AVFoundation: e770b220cccbd017edd2c1fefb359320 -> 
  custom:video-decoder-webm-vp8: 9c59270c3fd7afecdb556c50c9e8de78 -> 
  custom:audio-decoder-ogg-vorbis: bf7c407c2cedff20999df2af8eb42d56 -> 
  custom:audio-encoder-webm-vorbis: bf7c407c2cedff20999df2af8eb42d56 -> 
========================================================================
Received Import Request.
  Time since last request: 27.550567 seconds.
  path: Assets/Scripts/DifficultyButton.cs
  artifactKey: Guid(75c3af1348ad84392bdece5ff82acc82) Importer(815301076,1909f56bfc062723c751e8b465ee728b)
Start importing Assets/Scripts/DifficultyButton.cs using Guid(75c3af1348ad84392bdece5ff82acc82) Importer(815301076,1909f56bfc062723c751e8b465ee728b)  -> (artifact id: '403fd4afffc773f8a1a0ad803f591c7a') in 0.003264 seconds 
  Import took 0.005496 seconds .

AssetImportWorkerClient::OnTransportError - code=2 error=End of file
